605c605,1047
< fff40413
\ No newline at end of file
---
> fff40413
> 00f70023
> fe891ae3
> fff44783
> fff40413
> 00f70023
> fe891ae3
> fff44783
> fff40413
> 00f70023
> fe891ae3
> fff44783
> fff40413
> 00f70023
> fe891ae3
> 02c12083
> 02812403
> 02412483
> 02012903
> 01c12983
> 01812a03
> 01412a83
> 01012b03
> 03010113
> 00008067
> 000307b7
> 00a00713
> 00001537
> 00e78023
> 60300593
> b5b50513
> 00058413
> f6dff0ef
> 00008293
> 0005ca63
> 00054c63
> f79ff0ef
> 00058613
> 00050593
> fff00513
> 02060c63
> 00100693
> 00b67a63
> 00c05863
> 00161613
> 00169693
> feb66ae3
> 00000513
> 00c5e663
> 0016d693
> 00165613
> fe0696e3
> 00c5e663
> 40c585b3
> 00d56533
> 0016d693
> 00165613
> fe0696e3
> 00008067
> 00058513
> 00028067
> 00050593
> 00040513
> fe0598e3
> 00058413
> f6dff0ef
> 00008293
> 0005ca63
> 00054c63
> f79ff0ef
> 00058613
> 00050593
> fff00513
> 02060c63
> 00100693
> 00b67a63
> 00c05863
> 00161613
> 00169693
> feb66ae3
> 00000513
> 00c5e663
> 0016d693
> 00165613
> fe0696e3
> 00c5e663
> 40c585b3
> 00d56533
> 0016d693
> 00165613
> fe0696e3
> 00008067
> 00058513
> 00028067
> 00050593
> 00040513
> fe0598e3
> 00058413
> f6dff0ef
> 00008293
> 0005ca63
> 00054c63
> f79ff0ef
> 00058613
> 00050593
> fff00513
> 02060c63
> 00100693
> 00b67a63
> 00c05863
> 00161613
> 00169693
> feb66ae3
> 00c05863
> 00161613
> 00169693
> feb66ae3
> 00c05863
> 00161613
> 00169693
> feb66ae3
> 00000513
> 00c5e663
> 40c585b3
> 00d56533
> 0016d693
> 00165613
> fe0696e3
> 00c5e663
> 0016d693
> 00165613
> fe0696e3
> 00c5e663
> 0016d693
> 00165613
> fe0696e3
> 00c5e663
> 0016d693
> 00165613
> fe0696e3
> 00008067
> 00058513
> 00028067
> 00050593
> 00040513
> fe0598e3
> dd5ff0ef
> fd010113
> 02912223
> 01612823
> 02112623
> 02812423
> 03212023
> 01312e23
> 01412c23
> 01512a23
> 00050493
> 00000b13
> 00055663
> 00000413
> 00410913
> 00900a13
> 00a00593
> 00048513
> 13c000ef
> 00008293
> 0005ca63
> 00054c63
> f79ff0ef
> 00058613
> 00050593
> fff00513
> 02060c63
> 00100693
> 00b67a63
> 00c05863
> 00161613
> 00169693
> feb66ae3
> 00c05863
> 00161613
> 00169693
> feb66ae3
> 00c05863
> 00161613
> 00169693
> feb66ae3
> 00c05863
> 00161613
> 00169693
> feb66ae3
> 00c05863
> 00161613
> 00169693
> feb66ae3
> 00000513
> 00c5e663
> 0016d693
> 00165613
> fe0696e3
> 00c5e663
> 40c585b3
> 00d56533
> 0016d693
> 00165613
> fe0696e3
> 00c5e663
> 0016d693
> 00165613
> fe0696e3
> 00c5e663
> 0016d693
> 00165613
> fe0696e3
> 00c5e663
> 0016d693
> 00165613
> fe0696e3
> 00c5e663
> 40c585b3
> 00d56533
> 0016d693
> 00165613
> fe0696e3
> 00008067
> 00058513
> 00028067
> 00040a93
> 00140413
> 03050793
> 00890733
> 00048513
> 00a00593
> fef70fa3
> 00048993
> 094000ef
> 06054063
> 0605c663
> 00058613
> 00050593
> fff00513
> 02060c63
> 00100693
> 00b67a63
> 00c05863
> 00161613
> 00169693
> feb66ae3
> 00c05863
> 00161613
> 00169693
> feb66ae3
> 00c05863
> 00161613
> 00169693
> feb66ae3
> 00c05863
> 00161613
> 00169693
> feb66ae3
> 00c05863
> 00161613
> 00169693
> feb66ae3
> 00000513
> 00c5e663
> 0016d693
> 00165613
> fe0696e3
> 00c5e663
> 40c585b3
> 00d56533
> 0016d693
> 00165613
> fe0696e3
> 00c5e663
> 0016d693
> 00165613
> fe0696e3
> 00c5e663
> 0016d693
> 00165613
> fe0696e3
> 00c5e663
> 0016d693
> 00165613
> fe0696e3
> 00c5e663
> 40c585b3
> 00d56533
> 0016d693
> 00165613
> fe0696e3
> 00008067
> 00050493
> fd3a46e3
> 00a00593
> 00048513
> 13c000ef
> 00008293
> 0005ca63
> 00054c63
> f79ff0ef
> 00058613
> 00050593
> fff00513
> 02060c63
> 00100693
> 00b67a63
> 00c05863
> 00161613
> 00169693
> feb66ae3
> 00000513
> 00c5e663
> 0016d693
> 00165613
> fe0696e3
> 00c5e663
> 40c585b3
> 00d56533
> 0016d693
> 00165613
> fe0696e3
> 00008067
> 00058513
> 00028067
> 00040a93
> 00140413
> 03050793
> 00890733
> 00048513
> 00a00593
> fef70fa3
> 00048993
> 094000ef
> 06054063
> 0605c663
> 00058613
> 00050593
> fff00513
> 02060c63
> 00100693
> 00b67a63
> 00c05863
> 00161613
> 00169693
> feb66ae3
> 00000513
> 00c5e663
> 0016d693
> 00165613
> fe0696e3
> 00c5e663
> 40c585b3
> 00d56533
> 0016d693
> 00165613
> fe0696e3
> 00008067
> 00050493
> fd3a46e3
> 00a00593
> 00048513
> 13c000ef
> 00008293
> 0005ca63
> 00054c63
> f79ff0ef
> 00058613
> 00050593
> fff00513
> 02060c63
> 00100693
> 00b67a63
> 00000513
> 00c5e663
> 0016d693
> 00165613
> fe0696e3
> 00008067
> 00058513
> 00028067
> 00040a93
> 00140413
> 03050793
> 00890733
> 00048513
> 00a00593
> fef70fa3
> 00048993
> 094000ef
> 06054063
> 0605c663
> 00058613
> 00050593
> fff00513
> 02060c63
> 00100693
> 00b67a63
> 00000513
> 00c5e663
> 0016d693
> 00165613
> fe0696e3
> 00008067
> 00050493
> fd3a46e3
> 000b0c63
> 00890433
> 00030737
> fff44783
> fff40413
> 00f70023
> fe891ae3
> fff44783
> fff40413
> 00f70023
> fe891ae3
> fff44783
> fff40413
> 00f70023
> fe891ae3
> 02c12083
> 02812403
> 02412483
> 02012903
> 01c12983
> 01812a03
> 01412a83
> 01012b03
> 03010113
> 00008067
> 000307b7
> 00a00713
> 00e78023
> 00c12083
> 00812403
> 00000513
> 01010113
> 00008067
> 0ff00513
> 0
